<?xml version="1.0" encoding="UTF-8"?>
<testsuite name="com.jos.dem.pair.PairMakerTest" tests="1" skipped="0" failures="0" errors="0" timestamp="2021-02-21T19:46:10" hostname="michigan" time="0.011">
  <properties/>
  <testcase name="shouldMakePairs()" classname="com.jos.dem.pair.PairMakerTest" time="0.011"/>
  <system-out><![CDATA[]]></system-out>
  <system-err><![CDATA[]]></system-err>
</testsuite>
